[Wed Feb 15 16:12:21.898 2012] 0.029 sec [all/2/rel 1 (0,20)] [topic_core] read
[Wed Feb 15 16:12:37.326 2012] 0.000 sec [all/2/rel 2 (0,20)] [topic_core] is
[Wed Feb 15 18:09:15.697 2012] 0.000 sec [all/2/rel 2 (0,20)] [topic_core] the
[Wed Feb 15 18:09:15.706 2012] 0.000 sec [all/2/rel 1 (0,20)] [sub_topic_core] the
[Wed Feb 15 18:09:49.140 2012] 0.000 sec [all/2/rel 2 (0,20)] [topic_core] the
[Wed Feb 15 18:09:49.149 2012] 0.000 sec [all/2/rel 1 (0,20)] [sub_topic_core] the
[Wed Feb 15 18:10:50.524 2012] 0.000 sec [all/2/rel 2 (0,20)] [topic_core] the
[Wed Feb 15 18:10:50.533 2012] 0.000 sec [all/2/rel 1 (0,20)] [sub_topic_core] the
[Wed Feb 15 18:11:09.633 2012] 0.000 sec [all/2/rel 2 (0,20)] [topic_core] the
[Wed Feb 15 18:11:09.644 2012] 0.000 sec [all/2/rel 1 (0,20)] [sub_topic_core] the
[Wed Feb 15 18:11:30.338 2012] 0.000 sec [all/2/rel 2 (0,20)] [topic_core] the
[Wed Feb 15 18:11:30.345 2012] 0.000 sec [all/2/rel 1 (0,20)] [sub_topic_core] the
[Wed Feb 15 18:40:47.912 2012] 0.000 sec [all/2/rel 2 (0,20)] [topic_core] is
[Wed Feb 15 18:40:47.930 2012] 0.000 sec [all/2/rel 1 (0,20)] [sub_topic_core] is
[Wed Feb 15 18:40:47.953 2012] 0.011 sec [all/2/rel 1 (0,20)] [question_core] is
[Wed Feb 15 18:54:31.049 2012] 0.000 sec [all/2/rel 2 (0,20)] [topic_core] is
[Wed Feb 15 18:54:31.058 2012] 0.000 sec [all/2/rel 1 (0,20)] [sub_topic_core] is
[Wed Feb 15 18:54:31.068 2012] 0.000 sec [all/2/rel 1 (0,20)] [question_core] is
[Wed Feb 15 18:55:02.561 2012] 0.000 sec [all/2/rel 2 (0,20)] [topic_core] is
[Wed Feb 15 18:55:02.569 2012] 0.000 sec [all/2/rel 1 (0,20)] [sub_topic_core] is
[Wed Feb 15 18:55:02.579 2012] 0.000 sec [all/2/rel 1 (0,20)] [question_core] is
[Wed Feb 15 18:55:48.326 2012] 0.000 sec [all/2/rel 2 (0,20)] [topic_core] is
[Wed Feb 15 18:55:48.334 2012] 0.000 sec [all/2/rel 1 (0,20)] [sub_topic_core] is
[Wed Feb 15 18:55:48.348 2012] 0.000 sec [all/2/rel 1 (0,20)] [question_core] is
[Wed Feb 15 18:57:55.812 2012] 0.000 sec [all/2/rel 2 (0,20)] [topic_core] this
[Wed Feb 15 18:57:55.823 2012] 0.000 sec [all/2/rel 0 (0,20)] [sub_topic_core] this
[Wed Feb 15 18:57:55.828 2012] 0.000 sec [all/2/rel 1 (0,20)] [question_core] this
[Wed Feb 15 18:58:03.009 2012] 0.000 sec [all/2/rel 2 (0,20)] [topic_core] the
[Wed Feb 15 18:58:03.017 2012] 0.000 sec [all/2/rel 1 (0,20)] [sub_topic_core] the
[Wed Feb 15 18:58:03.027 2012] 0.000 sec [all/2/rel 0 (0,20)] [question_core] the
[Wed Feb 15 18:58:13.414 2012] 0.000 sec [all/2/rel 0 (0,20)] [topic_core] thisssssss
[Wed Feb 15 18:58:13.417 2012] 0.000 sec [all/2/rel 0 (0,20)] [sub_topic_core] thisssssss
[Wed Feb 15 18:58:13.420 2012] 0.000 sec [all/2/rel 0 (0,20)] [question_core] thisssssss
[Wed Feb 15 18:58:17.584 2012] 0.000 sec [all/2/rel 2 (0,20)] [topic_core] this
[Wed Feb 15 18:58:17.592 2012] 0.000 sec [all/2/rel 0 (0,20)] [sub_topic_core] this
[Wed Feb 15 18:58:17.596 2012] 0.000 sec [all/2/rel 1 (0,20)] [question_core] this
[Thu Feb 16 10:34:38.404 2012] 0.028 sec [all/2/rel 0 (0,20)] [topic_core] Search
[Thu Feb 16 10:34:38.423 2012] 0.000 sec [all/2/rel 0 (0,20)] [sub_topic_core] Search
[Thu Feb 16 10:34:38.426 2012] 0.000 sec [all/2/rel 0 (0,20)] [question_core] Search
[Thu Feb 16 10:34:39.748 2012] 0.000 sec [all/2/rel 0 (0,20)] [topic_core] Search
[Thu Feb 16 10:34:39.752 2012] 0.000 sec [all/2/rel 0 (0,20)] [sub_topic_core] Search
[Thu Feb 16 10:34:39.755 2012] 0.000 sec [all/2/rel 0 (0,20)] [question_core] Search
[Thu Feb 16 10:34:40.788 2012] 0.000 sec [all/2/rel 0 (0,20)] [topic_core] Search
[Thu Feb 16 10:34:40.792 2012] 0.000 sec [all/2/rel 0 (0,20)] [sub_topic_core] Search
[Thu Feb 16 10:34:40.795 2012] 0.000 sec [all/2/rel 0 (0,20)] [question_core] Search
[Thu Feb 16 10:34:41.569 2012] 0.000 sec [all/2/rel 0 (0,20)] [topic_core] Search
[Thu Feb 16 10:34:41.573 2012] 0.000 sec [all/2/rel 0 (0,20)] [sub_topic_core] Search
[Thu Feb 16 10:34:41.576 2012] 0.000 sec [all/2/rel 0 (0,20)] [question_core] Search
[Thu Feb 16 11:08:21.443 2012] 0.000 sec [all/2/rel 0 (0,20)] [topic_core] thi
[Thu Feb 16 11:08:21.446 2012] 0.000 sec [all/2/rel 0 (0,20)] [sub_topic_core] thi
[Thu Feb 16 11:08:21.450 2012] 0.000 sec [all/2/rel 0 (0,20)] [question_core] thi
[Thu Feb 16 11:08:27.652 2012] 0.010 sec [all/2/rel 2 (0,20)] [topic_core] this
[Thu Feb 16 11:08:27.689 2012] 0.000 sec [all/2/rel 0 (0,20)] [sub_topic_core] this
[Thu Feb 16 11:08:27.697 2012] 0.004 sec [all/2/rel 1 (0,20)] [question_core] this
[Thu Feb 16 11:10:01.247 2012] 0.000 sec [all/2/rel 0 (0,20)] [topic_core] Search
[Thu Feb 16 11:10:01.250 2012] 0.000 sec [all/2/rel 0 (0,20)] [sub_topic_core] Search
[Thu Feb 16 11:10:01.253 2012] 0.000 sec [all/2/rel 0 (0,20)] [question_core] Search
[Thu Feb 16 11:10:07.219 2012] 0.000 sec [all/2/rel 0 (0,20)] [topic_core] http://localhost:3000/home/search?search_term=Search&commit=Search#
[Thu Feb 16 11:10:07.223 2012] 0.000 sec [all/2/rel 0 (0,20)] [sub_topic_core] http://localhost:3000/home/search?search_term=Search&commit=Search#
[Thu Feb 16 11:10:07.226 2012] 0.000 sec [all/2/rel 0 (0,20)] [question_core] http://localhost:3000/home/search?search_term=Search&commit=Search#
[Thu Feb 16 11:10:07.545 2012] 0.000 sec [all/2/rel 0 (0,20)] [topic_core] Search
[Thu Feb 16 11:10:07.553 2012] 0.000 sec [all/2/rel 0 (0,20)] [sub_topic_core] Search
[Thu Feb 16 11:10:07.556 2012] 0.000 sec [all/2/rel 0 (0,20)] [question_core] Search
[Thu Feb 16 11:10:07.729 2012] 0.000 sec [all/2/rel 0 (0,20)] [topic_core] Search
[Thu Feb 16 11:10:07.733 2012] 0.000 sec [all/2/rel 0 (0,20)] [sub_topic_core] Search
[Thu Feb 16 11:10:07.737 2012] 0.000 sec [all/2/rel 0 (0,20)] [question_core] Search
[Thu Feb 16 11:10:08.180 2012] 0.000 sec [all/2/rel 0 (0,20)] [topic_core] Search
[Thu Feb 16 11:10:08.183 2012] 0.000 sec [all/2/rel 0 (0,20)] [sub_topic_core] Search
[Thu Feb 16 11:10:08.187 2012] 0.000 sec [all/2/rel 0 (0,20)] [question_core] Search
[Thu Feb 16 11:10:08.530 2012] 0.000 sec [all/2/rel 0 (0,20)] [topic_core] Search
[Thu Feb 16 11:10:08.534 2012] 0.000 sec [all/2/rel 0 (0,20)] [sub_topic_core] Search
[Thu Feb 16 11:10:08.538 2012] 0.000 sec [all/2/rel 0 (0,20)] [question_core] Search
[Thu Feb 16 11:10:08.965 2012] 0.000 sec [all/2/rel 0 (0,20)] [topic_core] Search
[Thu Feb 16 11:10:08.968 2012] 0.000 sec [all/2/rel 0 (0,20)] [sub_topic_core] Search
[Thu Feb 16 11:10:08.973 2012] 0.000 sec [all/2/rel 0 (0,20)] [question_core] Search
[Thu Feb 16 11:10:09.478 2012] 0.000 sec [all/2/rel 0 (0,20)] [topic_core] Search
[Thu Feb 16 11:10:09.481 2012] 0.000 sec [all/2/rel 0 (0,20)] [sub_topic_core] Search
[Thu Feb 16 11:10:09.485 2012] 0.000 sec [all/2/rel 0 (0,20)] [question_core] Search
[Thu Feb 16 11:10:11.811 2012] 0.000 sec [all/2/rel 0 (0,20)] [topic_core] http://localhost:3000/home/search?search_term=Search&commit=Search#
[Thu Feb 16 11:10:11.814 2012] 0.000 sec [all/2/rel 0 (0,20)] [sub_topic_core] http://localhost:3000/home/search?search_term=Search&commit=Search#
[Thu Feb 16 11:10:11.818 2012] 0.000 sec [all/2/rel 0 (0,20)] [question_core] http://localhost:3000/home/search?search_term=Search&commit=Search#
[Thu Feb 16 11:25:13.162 2012] 0.000 sec [all/2/rel 0 (0,20)] [topic_core] http://localhost:3000/home/search?search_term=Search&commit=Search#
[Thu Feb 16 11:25:13.165 2012] 0.000 sec [all/2/rel 0 (0,20)] [sub_topic_core] http://localhost:3000/home/search?search_term=Search&commit=Search#
[Thu Feb 16 11:25:13.169 2012] 0.000 sec [all/2/rel 0 (0,20)] [question_core] http://localhost:3000/home/search?search_term=Search&commit=Search#
[Thu Feb 16 11:25:33.323 2012] 0.000 sec [all/2/rel 0 (0,20)] [topic_core] http://localhost:3000/home/search?search_term=Search&commit=Search#
[Thu Feb 16 11:25:33.328 2012] 0.000 sec [all/2/rel 0 (0,20)] [sub_topic_core] http://localhost:3000/home/search?search_term=Search&commit=Search#
[Thu Feb 16 11:25:33.332 2012] 0.000 sec [all/2/rel 0 (0,20)] [question_core] http://localhost:3000/home/search?search_term=Search&commit=Search#
[Thu Feb 16 11:25:50.238 2012] 0.000 sec [all/2/rel 0 (0,20)] [topic_core] http://localhost:3000/home/search?search_term=Search&commit=Search#
[Thu Feb 16 11:25:50.242 2012] 0.000 sec [all/2/rel 0 (0,20)] [sub_topic_core] http://localhost:3000/home/search?search_term=Search&commit=Search#
[Thu Feb 16 11:25:50.246 2012] 0.000 sec [all/2/rel 0 (0,20)] [question_core] http://localhost:3000/home/search?search_term=Search&commit=Search#
[Thu Feb 16 11:28:13.602 2012] 0.000 sec [all/2/rel 0 (0,20)] [topic_core] http://localhost:3000/home/search?search_term=Search&commit=Search#
[Thu Feb 16 11:28:13.607 2012] 0.000 sec [all/2/rel 0 (0,20)] [sub_topic_core] http://localhost:3000/home/search?search_term=Search&commit=Search#
[Thu Feb 16 11:28:13.611 2012] 0.000 sec [all/2/rel 0 (0,20)] [question_core] http://localhost:3000/home/search?search_term=Search&commit=Search#
[Thu Feb 16 11:29:02.695 2012] 0.000 sec [all/2/rel 0 (0,20)] [topic_core] http://localhost:3000/home/search?search_term=Search&commit=Search#
[Thu Feb 16 11:29:02.699 2012] 0.000 sec [all/2/rel 0 (0,20)] [sub_topic_core] http://localhost:3000/home/search?search_term=Search&commit=Search#
[Thu Feb 16 11:29:02.702 2012] 0.000 sec [all/2/rel 0 (0,20)] [question_core] http://localhost:3000/home/search?search_term=Search&commit=Search#
[Thu Feb 16 11:33:17.785 2012] 0.000 sec [all/2/rel 0 (0,20)] [topic_core] http://localhost:3000/home/search?search_term=Search&commit=Search#
[Thu Feb 16 11:33:17.789 2012] 0.000 sec [all/2/rel 0 (0,20)] [sub_topic_core] http://localhost:3000/home/search?search_term=Search&commit=Search#
[Thu Feb 16 11:33:17.854 2012] 0.000 sec [all/2/rel 0 (0,20)] [question_core] http://localhost:3000/home/search?search_term=Search&commit=Search#
[Thu Feb 16 11:42:57.287 2012] 0.000 sec [all/2/rel 0 (0,20)] [topic_core] http://localhost:3000/home/search?search_term=Search&commit=Search#
[Thu Feb 16 11:42:57.290 2012] 0.000 sec [all/2/rel 0 (0,20)] [sub_topic_core] http://localhost:3000/home/search?search_term=Search&commit=Search#
[Thu Feb 16 11:42:57.294 2012] 0.000 sec [all/2/rel 0 (0,20)] [question_core] http://localhost:3000/home/search?search_term=Search&commit=Search#
[Thu Feb 16 11:43:24.844 2012] 0.000 sec [all/2/rel 0 (0,20)] [topic_core] http://localhost:3000/home/search?search_term=Search&commit=Search#
[Thu Feb 16 11:43:24.848 2012] 0.000 sec [all/2/rel 0 (0,20)] [sub_topic_core] http://localhost:3000/home/search?search_term=Search&commit=Search#
[Thu Feb 16 11:43:24.851 2012] 0.000 sec [all/2/rel 0 (0,20)] [question_core] http://localhost:3000/home/search?search_term=Search&commit=Search#
[Thu Feb 16 11:43:54.455 2012] 0.000 sec [all/2/rel 0 (0,20)] [topic_core] http://localhost:3000/home/search?search_term=Search&commit=Search#
[Thu Feb 16 11:43:54.459 2012] 0.000 sec [all/2/rel 0 (0,20)] [sub_topic_core] http://localhost:3000/home/search?search_term=Search&commit=Search#
[Thu Feb 16 11:43:54.463 2012] 0.000 sec [all/2/rel 0 (0,20)] [question_core] http://localhost:3000/home/search?search_term=Search&commit=Search#
[Thu Feb 16 11:44:06.121 2012] 0.000 sec [all/2/rel 0 (0,20)] [topic_core] http://localhost:3000/home/search?search_term=Search&commit=Search#
[Thu Feb 16 11:44:06.126 2012] 0.000 sec [all/2/rel 0 (0,20)] [sub_topic_core] http://localhost:3000/home/search?search_term=Search&commit=Search#
[Thu Feb 16 11:44:06.129 2012] 0.000 sec [all/2/rel 0 (0,20)] [question_core] http://localhost:3000/home/search?search_term=Search&commit=Search#
[Thu Feb 16 11:44:18.853 2012] 0.000 sec [all/2/rel 0 (0,20)] [topic_core] http://localhost:3000/home/search?search_term=Search&commit=Search#
[Thu Feb 16 11:44:18.858 2012] 0.001 sec [all/2/rel 0 (0,20)] [sub_topic_core] http://localhost:3000/home/search?search_term=Search&commit=Search#
[Thu Feb 16 11:44:18.862 2012] 0.000 sec [all/2/rel 0 (0,20)] [question_core] http://localhost:3000/home/search?search_term=Search&commit=Search#
[Thu Feb 16 11:45:50.135 2012] 0.000 sec [all/2/rel 0 (0,20)] [topic_core] http://localhost:3000/home/search?search_term=Search&commit=Search#
[Thu Feb 16 11:45:50.139 2012] 0.000 sec [all/2/rel 0 (0,20)] [sub_topic_core] http://localhost:3000/home/search?search_term=Search&commit=Search#
[Thu Feb 16 11:45:50.143 2012] 0.000 sec [all/2/rel 0 (0,20)] [question_core] http://localhost:3000/home/search?search_term=Search&commit=Search#
[Thu Feb 16 11:46:22.759 2012] 0.000 sec [all/2/rel 0 (0,20)] [topic_core] http://localhost:3000/home/search?search_term=Search&commit=Search#
[Thu Feb 16 11:46:22.764 2012] 0.000 sec [all/2/rel 0 (0,20)] [sub_topic_core] http://localhost:3000/home/search?search_term=Search&commit=Search#
[Thu Feb 16 11:46:22.770 2012] 0.001 sec [all/2/rel 0 (0,20)] [question_core] http://localhost:3000/home/search?search_term=Search&commit=Search#
[Thu Feb 16 11:59:47.754 2012] 0.000 sec [all/2/rel 0 (0,20)] [topic_core] http://localhost:3000/home/search?search_term=Search&commit=Search#
[Thu Feb 16 11:59:47.757 2012] 0.000 sec [all/2/rel 0 (0,20)] [sub_topic_core] http://localhost:3000/home/search?search_term=Search&commit=Search#
[Thu Feb 16 11:59:47.762 2012] 0.000 sec [all/2/rel 0 (0,20)] [question_core] http://localhost:3000/home/search?search_term=Search&commit=Search#
[Thu Feb 16 12:15:52.764 2012] 0.000 sec [all/2/rel 0 (0,20)] [topic_core] http://localhost:3000/home/search?search_term=Search&commit=Search#
[Thu Feb 16 12:15:52.768 2012] 0.000 sec [all/2/rel 0 (0,20)] [sub_topic_core] http://localhost:3000/home/search?search_term=Search&commit=Search#
[Thu Feb 16 12:15:52.771 2012] 0.000 sec [all/2/rel 0 (0,20)] [question_core] http://localhost:3000/home/search?search_term=Search&commit=Search#
[Thu Feb 16 12:16:54.516 2012] 0.000 sec [all/2/rel 0 (0,20)] [topic_core] http://localhost:3000/home/search?search_term=Search&commit=Search#
[Thu Feb 16 12:16:54.521 2012] 0.000 sec [all/2/rel 0 (0,20)] [sub_topic_core] http://localhost:3000/home/search?search_term=Search&commit=Search#
[Thu Feb 16 12:16:54.525 2012] 0.000 sec [all/2/rel 0 (0,20)] [question_core] http://localhost:3000/home/search?search_term=Search&commit=Search#
[Thu Feb 16 12:18:16.176 2012] 0.000 sec [all/2/rel 0 (0,20)] [topic_core] http://localhost:3000/home/search?search_term=Search&commit=Search#
[Thu Feb 16 12:18:16.180 2012] 0.000 sec [all/2/rel 0 (0,20)] [sub_topic_core] http://localhost:3000/home/search?search_term=Search&commit=Search#
[Thu Feb 16 12:18:16.183 2012] 0.000 sec [all/2/rel 0 (0,20)] [question_core] http://localhost:3000/home/search?search_term=Search&commit=Search#
[Thu Feb 16 12:19:08.386 2012] 0.000 sec [all/2/rel 0 (0,20)] [topic_core] http://localhost:3000/home/search?search_term=Search&commit=Search#
[Thu Feb 16 12:19:08.389 2012] 0.000 sec [all/2/rel 0 (0,20)] [sub_topic_core] http://localhost:3000/home/search?search_term=Search&commit=Search#
[Thu Feb 16 12:19:08.393 2012] 0.000 sec [all/2/rel 0 (0,20)] [question_core] http://localhost:3000/home/search?search_term=Search&commit=Search#
[Thu Feb 16 12:19:52.901 2012] 0.000 sec [all/2/rel 0 (0,20)] [topic_core] http://localhost:3000/home/search?search_term=Search&commit=Search#
[Thu Feb 16 12:19:52.905 2012] 0.000 sec [all/2/rel 0 (0,20)] [sub_topic_core] http://localhost:3000/home/search?search_term=Search&commit=Search#
[Thu Feb 16 12:19:52.908 2012] 0.000 sec [all/2/rel 0 (0,20)] [question_core] http://localhost:3000/home/search?search_term=Search&commit=Search#
[Thu Feb 16 12:20:16.649 2012] 0.000 sec [all/2/rel 0 (0,20)] [topic_core] http://localhost:3000/home/search?search_term=Search&commit=Search#
[Thu Feb 16 12:20:16.652 2012] 0.000 sec [all/2/rel 0 (0,20)] [sub_topic_core] http://localhost:3000/home/search?search_term=Search&commit=Search#
[Thu Feb 16 12:20:16.656 2012] 0.000 sec [all/2/rel 0 (0,20)] [question_core] http://localhost:3000/home/search?search_term=Search&commit=Search#
[Thu Feb 16 12:21:58.021 2012] 0.000 sec [all/2/rel 0 (0,20)] [topic_core] http://localhost:3000/home/search?search_term=Search&commit=Search#
[Thu Feb 16 12:21:58.025 2012] 0.000 sec [all/2/rel 0 (0,20)] [sub_topic_core] http://localhost:3000/home/search?search_term=Search&commit=Search#
[Thu Feb 16 12:21:58.029 2012] 0.000 sec [all/2/rel 0 (0,20)] [question_core] http://localhost:3000/home/search?search_term=Search&commit=Search#
[Thu Feb 16 12:23:39.593 2012] 0.000 sec [all/2/rel 0 (0,20)] [topic_core] http://localhost:3000/home/search?search_term=Search&commit=Search#
[Thu Feb 16 12:23:39.602 2012] 0.000 sec [all/2/rel 0 (0,20)] [sub_topic_core] http://localhost:3000/home/search?search_term=Search&commit=Search#
[Thu Feb 16 12:23:39.607 2012] 0.000 sec [all/2/rel 0 (0,20)] [question_core] http://localhost:3000/home/search?search_term=Search&commit=Search#
[Thu Feb 16 12:24:25.055 2012] 0.000 sec [all/2/rel 0 (0,20)] [topic_core] http://localhost:3000/home/search?search_term=Search&commit=Search#
[Thu Feb 16 12:24:25.058 2012] 0.000 sec [all/2/rel 0 (0,20)] [sub_topic_core] http://localhost:3000/home/search?search_term=Search&commit=Search#
[Thu Feb 16 12:24:25.062 2012] 0.000 sec [all/2/rel 0 (0,20)] [question_core] http://localhost:3000/home/search?search_term=Search&commit=Search#
[Thu Feb 16 12:24:33.002 2012] 0.000 sec [all/2/rel 0 (0,20)] [topic_core] http://localhost:3000/home/search?search_term=Search&commit=Search#
[Thu Feb 16 12:24:33.008 2012] 0.000 sec [all/2/rel 0 (0,20)] [sub_topic_core] http://localhost:3000/home/search?search_term=Search&commit=Search#
[Thu Feb 16 12:24:33.012 2012] 0.000 sec [all/2/rel 0 (0,20)] [question_core] http://localhost:3000/home/search?search_term=Search&commit=Search#
[Thu Feb 16 12:24:46.428 2012] 0.000 sec [all/2/rel 0 (0,20)] [topic_core] http://localhost:3000/home/search?search_term=Search&commit=Search#
[Thu Feb 16 12:24:46.431 2012] 0.000 sec [all/2/rel 0 (0,20)] [sub_topic_core] http://localhost:3000/home/search?search_term=Search&commit=Search#
[Thu Feb 16 12:24:46.434 2012] 0.000 sec [all/2/rel 0 (0,20)] [question_core] http://localhost:3000/home/search?search_term=Search&commit=Search#
[Thu Feb 16 12:26:34.674 2012] 0.000 sec [all/2/rel 0 (0,20)] [topic_core] http://localhost:3000/home/search?search_term=Search&commit=Search#
[Thu Feb 16 12:26:34.677 2012] 0.000 sec [all/2/rel 0 (0,20)] [sub_topic_core] http://localhost:3000/home/search?search_term=Search&commit=Search#
[Thu Feb 16 12:26:34.682 2012] 0.000 sec [all/2/rel 0 (0,20)] [question_core] http://localhost:3000/home/search?search_term=Search&commit=Search#
[Thu Feb 16 12:37:27.879 2012] 0.000 sec [all/2/rel 0 (0,20)] [topic_core] http://localhost:3000/home/search?search_term=Search&commit=Search#
[Thu Feb 16 12:37:27.883 2012] 0.000 sec [all/2/rel 0 (0,20)] [sub_topic_core] http://localhost:3000/home/search?search_term=Search&commit=Search#
[Thu Feb 16 12:37:27.886 2012] 0.000 sec [all/2/rel 0 (0,20)] [question_core] http://localhost:3000/home/search?search_term=Search&commit=Search#
[Thu Feb 16 12:37:29.095 2012] 0.000 sec [all/2/rel 0 (0,20)] [topic_core] http://localhost:3000/home/search?search_term=Search&commit=Search#
[Thu Feb 16 12:37:29.099 2012] 0.000 sec [all/2/rel 0 (0,20)] [sub_topic_core] http://localhost:3000/home/search?search_term=Search&commit=Search#
[Thu Feb 16 12:37:29.104 2012] 0.000 sec [all/2/rel 0 (0,20)] [question_core] http://localhost:3000/home/search?search_term=Search&commit=Search#
[Thu Feb 16 12:44:38.764 2012] 0.000 sec [all/2/rel 2 (0,20)] [topic_core] this
[Thu Feb 16 12:44:38.782 2012] 0.000 sec [all/2/rel 0 (0,20)] [sub_topic_core] this
[Thu Feb 16 12:44:38.785 2012] 0.000 sec [all/2/rel 1 (0,20)] [question_core] this
[Thu Feb 16 12:45:54.934 2012] 0.000 sec [all/2/rel 0 (0,20)] [topic_core] Search
[Thu Feb 16 12:45:54.937 2012] 0.000 sec [all/2/rel 0 (0,20)] [sub_topic_core] Search
[Thu Feb 16 12:45:54.940 2012] 0.000 sec [all/2/rel 0 (0,20)] [question_core] Search
[Thu Feb 16 12:45:56.247 2012] 0.000 sec [all/2/rel 0 (0,20)] [topic_core] Search
[Thu Feb 16 12:45:56.250 2012] 0.000 sec [all/2/rel 0 (0,20)] [sub_topic_core] Search
[Thu Feb 16 12:45:56.255 2012] 0.000 sec [all/2/rel 0 (0,20)] [question_core] Search
[Thu Feb 16 12:45:56.783 2012] 0.000 sec [all/2/rel 0 (0,20)] [topic_core] Search
[Thu Feb 16 12:45:56.786 2012] 0.000 sec [all/2/rel 0 (0,20)] [sub_topic_core] Search
[Thu Feb 16 12:45:56.792 2012] 0.000 sec [all/2/rel 0 (0,20)] [question_core] Search
[Thu Feb 16 12:45:56.922 2012] 0.000 sec [all/2/rel 0 (0,20)] [topic_core] Search
[Thu Feb 16 12:45:56.926 2012] 0.000 sec [all/2/rel 0 (0,20)] [sub_topic_core] Search
[Thu Feb 16 12:45:56.930 2012] 0.000 sec [all/2/rel 0 (0,20)] [question_core] Search
[Thu Feb 16 12:45:57.398 2012] 0.000 sec [all/2/rel 0 (0,20)] [topic_core] Search
[Thu Feb 16 12:45:57.402 2012] 0.000 sec [all/2/rel 0 (0,20)] [sub_topic_core] Search
[Thu Feb 16 12:45:57.406 2012] 0.000 sec [all/2/rel 0 (0,20)] [question_core] Search
[Fri Apr 27 05:49:53.036 2012] 0.034 sec [all/1/rel 2 (0,10)] [*] Sawm of Ramadan
[Fri Apr 27 05:49:53.207 2012] 0.002 sec [all/1/rel 2 (0,10)] [*] Sawm of Ramadan
